[debug] [2020-09-20T11:04:04.105Z] ----------------------------------------------------------------------
[debug] [2020-09-20T11:04:04.107Z] Command:       C:\Program Files\nodejs\node.exe C:\Users\sammad\AppData\Roaming\npm\node_modules\firebase-tools\lib\bin\firebase.js serve --only hosting
[debug] [2020-09-20T11:04:04.108Z] CLI Version:   8.0.3
[debug] [2020-09-20T11:04:04.108Z] Platform:      win32
[debug] [2020-09-20T11:04:04.108Z] Node Version:  v12.16.2
[debug] [2020-09-20T11:04:04.109Z] Time:          Sun Sep 20 2020 16:04:04 GMT+0500 (Pakistan Standard Time)
[debug] [2020-09-20T11:04:04.109Z] ----------------------------------------------------------------------
[debug] [2020-09-20T11:04:04.109Z] 
[debug] [2020-09-20T11:04:04.119Z] > command requires scopes: ["email","openid","https://www.googleapis.com/auth/cloudplatformprojects.readonly","https://www.googleapis.com/auth/firebase","https://www.googleapis.com/auth/cloud-platform"]
[debug] [2020-09-20T11:04:04.119Z] > authorizing via signed-in user
[debug] [2020-09-20T11:04:04.120Z] [iam] checking project small-chat-app-91310 for permissions ["firebase.projects.get"]
[debug] [2020-09-20T11:04:04.123Z] >>> HTTP REQUEST POST https://cloudresourcemanager.googleapis.com/v1/projects/small-chat-app-91310:testIamPermissions  
 {"permissions":["firebase.projects.get"]}
[debug] [2020-09-20T11:04:06.249Z] <<< HTTP RESPONSE 200 {"content-type":"application/json; charset=UTF-8","vary":"X-Origin, Referer, Origin,Accept-Encoding","date":"Sun, 20 Sep 2020 11:04:07 GMT","server":"ESF","cache-control":"private","x-xss-protection":"0","x-frame-options":"SAMEORIGIN","x-content-type-options":"nosniff","server-timing":"gfet4t7; dur=1222","alt-svc":"h3-Q050=\":443\"; ma=2592000,h3-29=\":443\"; ma=2592000,h3-27=\":443\"; ma=2592000,h3-T051=\":443\"; ma=2592000,h3-T050=\":443\"; ma=2592000,h3-Q046=\":443\"; ma=2592000,h3-Q043=\":443\"; ma=2592000,quic=\":443\"; ma=2592000; v=\"46,43\"","accept-ranges":"none","transfer-encoding":"chunked"}
[debug] [2020-09-20T11:04:06.250Z] >>> HTTP REQUEST GET https://firebase.googleapis.com/v1beta1/projects/small-chat-app-91310  
 
[debug] [2020-09-20T11:04:07.120Z] <<< HTTP RESPONSE 200 {"content-type":"application/json; charset=UTF-8","vary":"X-Origin, Referer, Origin,Accept-Encoding","date":"Sun, 20 Sep 2020 11:04:08 GMT","server":"ESF","cache-control":"private","x-xss-protection":"0","x-frame-options":"SAMEORIGIN","x-content-type-options":"nosniff","alt-svc":"h3-Q050=\":443\"; ma=2592000,h3-29=\":443\"; ma=2592000,h3-27=\":443\"; ma=2592000,h3-T051=\":443\"; ma=2592000,h3-T050=\":443\"; ma=2592000,h3-Q046=\":443\"; ma=2592000,h3-Q043=\":443\"; ma=2592000,quic=\":443\"; ma=2592000; v=\"46,43\"","accept-ranges":"none","transfer-encoding":"chunked"}
[debug] [2020-09-20T11:04:07.122Z] >>> HTTP REQUEST GET https://firebase.googleapis.com/v1beta1/projects/small-chat-app-91310/webApps/-/config  
 
[debug] [2020-09-20T11:04:08.468Z] <<< HTTP RESPONSE 200 {"content-type":"application/json; charset=UTF-8","vary":"X-Origin, Referer, Origin,Accept-Encoding","date":"Sun, 20 Sep 2020 11:04:09 GMT","server":"ESF","cache-control":"private","x-xss-protection":"0","x-frame-options":"SAMEORIGIN","x-content-type-options":"nosniff","alt-svc":"h3-Q050=\":443\"; ma=2592000,h3-29=\":443\"; ma=2592000,h3-27=\":443\"; ma=2592000,h3-T051=\":443\"; ma=2592000,h3-T050=\":443\"; ma=2592000,h3-Q046=\":443\"; ma=2592000,h3-Q043=\":443\"; ma=2592000,quic=\":443\"; ma=2592000; v=\"46,43\"","accept-ranges":"none","transfer-encoding":"chunked"}
[info] i  hosting: Serving hosting files from: ./public
[info] +  hosting: Local server: http://localhost:5000
[debug] [2020-09-20T14:09:09.342Z] ----------------------------------------------------------------------
[debug] [2020-09-20T14:09:09.355Z] Command:       C:\Program Files\nodejs\node.exe C:\Users\sammad\AppData\Roaming\npm\node_modules\firebase-tools\lib\bin\firebase.js serve --only hosting
[debug] [2020-09-20T14:09:09.356Z] CLI Version:   8.0.3
[debug] [2020-09-20T14:09:09.356Z] Platform:      win32
[debug] [2020-09-20T14:09:09.356Z] Node Version:  v12.16.2
[debug] [2020-09-20T14:09:09.466Z] Time:          Sun Sep 20 2020 19:09:09 GMT+0500 (Pakistan Standard Time)
[debug] [2020-09-20T14:09:09.466Z] ----------------------------------------------------------------------
[debug] [2020-09-20T14:09:09.467Z] 
[debug] [2020-09-20T14:09:09.541Z] > command requires scopes: ["email","openid","https://www.googleapis.com/auth/cloudplatformprojects.readonly","https://www.googleapis.com/auth/firebase","https://www.googleapis.com/auth/cloud-platform"]
[debug] [2020-09-20T14:09:09.542Z] > authorizing via signed-in user
[debug] [2020-09-20T14:09:09.542Z] [iam] checking project small-chat-app-91310 for permissions ["firebase.projects.get"]
[debug] [2020-09-20T14:09:09.587Z] > refreshing access token with scopes: ["email","https://www.googleapis.com/auth/cloud-platform","https://www.googleapis.com/auth/cloudplatformprojects.readonly","https://www.googleapis.com/auth/firebase","openid"]
[debug] [2020-09-20T14:09:09.587Z] >>> HTTP REQUEST POST https://www.googleapis.com/oauth2/v3/token  
 <request body omitted>
[debug] [2020-09-20T14:09:10.426Z] <<< HTTP RESPONSE 200 {"content-type":"application/json; charset=utf-8","vary":"X-Origin, Referer, Origin,Accept-Encoding","date":"Sun, 20 Sep 2020 14:09:11 GMT","server":"scaffolding on HTTPServer2","cache-control":"private","x-xss-protection":"0","x-frame-options":"SAMEORIGIN","x-content-type-options":"nosniff","alt-svc":"h3-Q050=\":443\"; ma=2592000,h3-29=\":443\"; ma=2592000,h3-27=\":443\"; ma=2592000,h3-T051=\":443\"; ma=2592000,h3-T050=\":443\"; ma=2592000,h3-Q046=\":443\"; ma=2592000,h3-Q043=\":443\"; ma=2592000,quic=\":443\"; ma=2592000; v=\"46,43\"","accept-ranges":"none","transfer-encoding":"chunked"}
[debug] [2020-09-20T14:09:10.463Z] >>> HTTP REQUEST POST https://cloudresourcemanager.googleapis.com/v1/projects/small-chat-app-91310:testIamPermissions  
 {"permissions":["firebase.projects.get"]}
[debug] [2020-09-20T14:09:12.616Z] <<< HTTP RESPONSE 200 {"content-type":"application/json; charset=UTF-8","vary":"X-Origin, Referer, Origin,Accept-Encoding","date":"Sun, 20 Sep 2020 14:09:13 GMT","server":"ESF","cache-control":"private","x-xss-protection":"0","x-frame-options":"SAMEORIGIN","x-content-type-options":"nosniff","server-timing":"gfet4t7; dur=1245","alt-svc":"h3-Q050=\":443\"; ma=2592000,h3-29=\":443\"; ma=2592000,h3-27=\":443\"; ma=2592000,h3-T051=\":443\"; ma=2592000,h3-T050=\":443\"; ma=2592000,h3-Q046=\":443\"; ma=2592000,h3-Q043=\":443\"; ma=2592000,quic=\":443\"; ma=2592000; v=\"46,43\"","accept-ranges":"none","transfer-encoding":"chunked"}
[debug] [2020-09-20T14:09:12.618Z] >>> HTTP REQUEST GET https://firebase.googleapis.com/v1beta1/projects/small-chat-app-91310  
 
[debug] [2020-09-20T14:09:13.695Z] <<< HTTP RESPONSE 200 {"content-type":"application/json; charset=UTF-8","vary":"X-Origin, Referer, Origin,Accept-Encoding","date":"Sun, 20 Sep 2020 14:09:15 GMT","server":"ESF","cache-control":"private","x-xss-protection":"0","x-frame-options":"SAMEORIGIN","x-content-type-options":"nosniff","alt-svc":"h3-Q050=\":443\"; ma=2592000,h3-29=\":443\"; ma=2592000,h3-27=\":443\"; ma=2592000,h3-T051=\":443\"; ma=2592000,h3-T050=\":443\"; ma=2592000,h3-Q046=\":443\"; ma=2592000,h3-Q043=\":443\"; ma=2592000,quic=\":443\"; ma=2592000; v=\"46,43\"","accept-ranges":"none","transfer-encoding":"chunked"}
[debug] [2020-09-20T14:09:13.717Z] >>> HTTP REQUEST GET https://firebase.googleapis.com/v1beta1/projects/small-chat-app-91310/webApps/-/config  
 
[debug] [2020-09-20T14:09:14.873Z] <<< HTTP RESPONSE 200 {"content-type":"application/json; charset=UTF-8","vary":"X-Origin, Referer, Origin,Accept-Encoding","date":"Sun, 20 Sep 2020 14:09:16 GMT","server":"ESF","cache-control":"private","x-xss-protection":"0","x-frame-options":"SAMEORIGIN","x-content-type-options":"nosniff","alt-svc":"h3-Q050=\":443\"; ma=2592000,h3-29=\":443\"; ma=2592000,h3-27=\":443\"; ma=2592000,h3-T051=\":443\"; ma=2592000,h3-T050=\":443\"; ma=2592000,h3-Q046=\":443\"; ma=2592000,h3-Q043=\":443\"; ma=2592000,quic=\":443\"; ma=2592000; v=\"46,43\"","accept-ranges":"none","transfer-encoding":"chunked"}
[info] i  hosting: Serving hosting files from: ./public
[info] +  hosting: Local server: http://localhost:5000
